<?xml version="1.0" encoding="UTF-8"?>
<!-- Generated by org.testng.reporters.JUnitXMLReporter -->
<testsuite hostname="DESKTOP-U0GBSC6" ignored="1" name="Groups in TestNG" tests="2" failures="0" timestamp="05 Oct 2019 08:37:09 GMT" time="0.083" errors="0">
  <testcase name="test2" time="0.017" classname="testngConepts.GroupsInTestNG"/>
  <testcase name="test3" time="0.004" classname="testngConepts.GroupsInTestNG"/>
  <testcase name="test1" time="0.0" classname="testngConepts.GroupsInTestNG">
    <ignored/>
  </testcase> <!-- test1 -->
</testsuite> <!-- Groups in TestNG -->
