<?xml version="1.0" encoding="UTF-8"?>
<testng-results skipped="0" failed="0" ignored="0" total="2" passed="2">
  <reporter-output>
  </reporter-output>
  <suite name="TestNG suite" duration-ms="75969" started-at="2019-10-08T03:31:37Z" finished-at="2019-10-08T03:32:53Z">
    <groups>
    </groups>
    <test name="TestNG testname" duration-ms="75969" started-at="2019-10-08T03:31:37Z" finished-at="2019-10-08T03:32:53Z">
      <class name="testngConepts.ParallelTesting">
        <test-method status="PASS" signature="openGoogleChrome()[pri:0, instance:testngConepts.ParallelTesting@46d56d67]" name="openGoogleChrome" duration-ms="11417" started-at="2019-10-08T03:31:37Z" finished-at="2019-10-08T03:31:49Z">
          <reporter-output>
          </reporter-output>
        </test-method> <!-- openGoogleChrome -->
        <test-method status="PASS" signature="openFirefox()[pri:0, instance:testngConepts.ParallelTesting@46d56d67]" name="openFirefox" duration-ms="75910" started-at="2019-10-08T03:31:37Z" finished-at="2019-10-08T03:32:53Z">
          <reporter-output>
          </reporter-output>
        </test-method> <!-- openFirefox -->
      </class> <!-- testngConepts.ParallelTesting -->
    </test> <!-- TestNG testname -->
  </suite> <!-- TestNG suite -->
</testng-results>
